e:\1653006_mypaint\1653006_mypaint\debug\1653006_mypaint.pch
e:\1653006_mypaint\1653006_mypaint\debug\vc141.pdb
e:\1653006_mypaint\1653006_mypaint\debug\vc141.idb
e:\1653006_mypaint\1653006_mypaint\debug\stdafx.obj
e:\1653006_mypaint\1653006_mypaint\debug\1653006_mytoolbar.obj
e:\1653006_mypaint\1653006_mypaint\debug\1653006_myobject.obj
e:\1653006_mypaint\1653006_mypaint\debug\1653006_mypaint.obj
e:\1653006_mypaint\debug\1653006_mypaint.exe
e:\1653006_mypaint\debug\1653006_mypaint.ilk
e:\1653006_mypaint\debug\1653006_mypaint.pdb
e:\1653006_mypaint\1653006_mypaint\debug\1653006_mypaint.res
e:\1653006_mypaint\1653006_mypaint\debug\1653006_mypaint.tlog\cl.command.1.tlog
e:\1653006_mypaint\1653006_mypaint\debug\1653006_mypaint.tlog\cl.read.1.tlog
e:\1653006_mypaint\1653006_mypaint\debug\1653006_mypaint.tlog\cl.write.1.tlog
e:\1653006_mypaint\1653006_mypaint\debug\1653006_mypaint.tlog\link.command.1.tlog
e:\1653006_mypaint\1653006_mypaint\debug\1653006_mypaint.tlog\link.read.1.tlog
e:\1653006_mypaint\1653006_mypaint\debug\1653006_mypaint.tlog\link.write.1.tlog
e:\1653006_mypaint\1653006_mypaint\debug\1653006_mypaint.tlog\rc.command.1.tlog
e:\1653006_mypaint\1653006_mypaint\debug\1653006_mypaint.tlog\rc.read.1.tlog
e:\1653006_mypaint\1653006_mypaint\debug\1653006_mypaint.tlog\rc.write.1.tlog
